Table Name           Kind        Dcl  Ref
ID                               line lines
----  ----           ----        ---- ----
0     read           Func        0    22
0     main           Func        16
0     max            Func        2    25
0     write          Func        0    25 27
1     arr            Array_Param 2    6 8 9
1     j              Var         3    5 6 7 8 9 10 10
1     result         Var         4    6 8 9 13
1     size           Var_Param   2    7
4     arr            Array       17   22 25 26 26 26 26 26
4     j              Var         18   20 21 22 23 23
4     s              Var         19   26 27

==============

Table Name           Kind        Dcl  Ref
ID                               line lines
----  ----           ----        ---- ----
0     read           Func        0    22
0     main           Func        16
0     max            Func        2    25
0     write          Func        0    25 27
1     arr            Array_Param 2    6 8 9
1     j              Var         3    5 6 7 8 9 10 10
1     result         Var         4    6 8 9 13
1     size           Var_Param   2    7
2     arr            Array       17   22 25 26 26 26 26 26
2     j              Var         18   20 21 22 23 23
2     s              Var         19   26 27

